<?xml version="1.0" encoding="UTF-8"?>
<testng-results skipped="0" failed="0" total="1" passed="1">
  <reporter-output>
  </reporter-output>
  <suite name="Suite" duration-ms="25" started-at="2020-12-29T21:35:10Z" finished-at="2020-12-29T21:35:10Z">
    <groups>
    </groups>
    <test name="Test" duration-ms="25" started-at="2020-12-29T21:35:10Z" finished-at="2020-12-29T21:35:10Z">
      <class name="project.project.AppTestTest">
        <test-method status="PASS" signature="f()[pri:0, instance:project.project.AppTestTest@2f490758]" name="f" duration-ms="7" started-at="2020-12-29T15:35:10Z" finished-at="2020-12-29T15:35:10Z">
          <reporter-output>
          </reporter-output>
        </test-method> <!-- f -->
      </class> <!-- project.project.AppTestTest -->
    </test> <!-- Test -->
  </suite> <!-- Suite -->
</testng-results>
